<?xml version="1.0" encoding="UTF-8"?>
<testsuite xmlns:xsi="http://www.w3.org/2001/XMLSchema-instance" xsi:noNamespaceSchemaLocation="https://maven.apache.org/surefire/maven-surefire-plugin/xsd/surefire-test-report-3.0.xsd" version="3.0" name="com.aicode.usercenter.UserCenterApplicationTests" time="1.839" tests="6" errors="0" skipped="0" failures="0">
  <properties>
[...]
</properties>
  <testcase name="imdsAiLoginShouldRejectInvalidCredentials" classname="com.aicode.usercenter.UserCenterApplicationTests" time="0.412">
    <system-out><![CDATA[15:57:51.856 [main] INFO org.springframework.test.context.support.AnnotationConfigContextLoaderUtils -- Could not detect default configuration classes for test class [com.aicode.usercenter.UserCenterApplicationTests]: UserCenterApplicationTests does not declare any static, non-private, non-final, nested classes annotated with @Configuration.
15:57:51.947 [main] INFO org.springframework.boot.test.context.SpringBootTestContextBootstrapper -- Found @SpringBootConfiguration com.aicode.usercenter.UserCenterApplication for test class com.aicode.usercenter.UserCenterApplicationTests

  .   ____          _            __ _ _
 /\\ / ___'_ __ _ _(_)_ __  __ _ \ \ \ \
( ( )\___ | '_ | '_| | '_ \/ _` | \ \ \ \
 \\/  ___)| |_)| | | | | || (_| |  ) ) ) )
  '  |____| .__|_| |_|_| |_\__, | / / / /
 =========|_|==============|___/=/_/_/_/

 :: Spring Boot ::                (v3.3.5)

2026-03-30T15:57:52.139+08:00  INFO 8523 --- [user-center] [           main] c.a.u.UserCenterApplicationTests         : Starting UserCenterApplicationTests using Java 25.0.2 with PID 8523 (started by chenwangshan in /Users/chenwangshan/Documents/AI-Code/server/user-center-AI)
2026-03-30T15:57:52.140+08:00  INFO 8523 --- [user-center] [           main] c.a.u.UserCenterApplicationTests         : No active profile set, falling back to 1 default profile: "default"
2026-03-30T15:57:52.676+08:00  INFO 8523 --- [user-center] [           main] com.zaxxer.hikari.HikariDataSource       : HikariPool-1 - Starting...
2026-03-30T15:57:52.736+08:00  INFO 8523 --- [user-center] [           main] com.zaxxer.hikari.pool.HikariPool        : HikariPool-1 - Added connection org.postgresql.jdbc.PgConnection@2e43c38d
2026-03-30T15:57:52.743+08:00  INFO 8523 --- [user-center] [           main] com.zaxxer.hikari.HikariDataSource       : HikariPool-1 - Start completed.
2026-03-30T15:57:53.057+08:00  INFO 8523 --- [user-center] [           main] o.s.b.t.m.w.SpringBootMockServletContext : Initializing Spring TestDispatcherServlet ''
2026-03-30T15:57:53.057+08:00  INFO 8523 --- [user-center] [           main] o.s.t.web.servlet.TestDispatcherServlet  : Initializing Servlet ''
2026-03-30T15:57:53.058+08:00  INFO 8523 --- [user-center] [           main] o.s.t.web.servlet.TestDispatcherServlet  : Completed initialization in 0 ms
2026-03-30T15:57:53.067+08:00  INFO 8523 --- [user-center] [           main] c.a.u.UserCenterApplicationTests         : Started UserCenterApplicationTests in 1.047 seconds (process running for 1.624)
]]></system-out>
    <system-err><![CDATA[WARNING: A Java agent has been loaded dynamically (/tmp/m2repo/net/bytebuddy/byte-buddy-agent/1.14.19/byte-buddy-agent-1.14.19.jar)
WARNING: If a serviceability tool is in use, please run with -XX:+EnableDynamicAgentLoading to hide this warning
WARNING: If a serviceability tool is not in use, please run with -Djdk.instrument.traceUsage for more information
WARNING: Dynamic loading of agents will be disallowed by default in a future release
]]></system-err>
  </testcase>
  <testcase name="imdsAiLoginShouldReturnExpectedPayload" classname="com.aicode.usercenter.UserCenterApplicationTests" time="0.012"/>
  <testcase name="userManagementCrudShouldWorkForImdsAiModule" classname="com.aicode.usercenter.UserCenterApplicationTests" time="0.043"/>
  <testcase name="contextLoads" classname="com.aicode.usercenter.UserCenterApplicationTests" time="0.001"/>
  <testcase name="imdsAiCurrentUserShouldWorkWithBearerToken" classname="com.aicode.usercenter.UserCenterApplicationTests" time="0.005"/>
  <testcase name="userManagementPageShouldReturnPaginatedData" classname="com.aicode.usercenter.UserCenterApplicationTests" time="0.004"/>
</testsuite>